INFO:sim:172 - Generating IP...
Resolving generics for 'font'...
Applying external generics to 'font'...
Delivering associated files for 'font'...
Delivering EJava files for 'font'...
Generating implementation netlist for 'font'...
INFO:sim - Pre-processing HDL files for 'font'...
Running synthesis for 'font'
Running ngcbuild...
Writing VEO instantiation template for 'font'...
Writing Verilog behavioral simulation model for 'font'...
WARNING:sim - Overwriting existing file
   F:/coursedesign/ipcore_dir/tmp/_cg/font/doc/dist_mem_gen_v7_2_vinfo.html with
   file from view xilinx_documentation
Delivered 2 files into directory F:/coursedesign/ipcore_dir/tmp/_cg/font
Generating ASY schematic symbol...
INFO:sim:949 - Finished generation of ASY schematic symbol.
Generating SYM schematic symbol for 'font'...
Generating metadata file...
Generating ISE project file for 'font'...
Generating ISE project...
XCO file found: font.xco
XMDF file found: font_xmdf.tcl
Adding F:/coursedesign/ipcore_dir/tmp/_cg/font.asy -view all -origin_type
imported
Adding F:/coursedesign/ipcore_dir/tmp/_cg/font.ngc -view all -origin_type
created
Checking file "F:/coursedesign/ipcore_dir/tmp/_cg/font.ngc" for project device
match ...
File "F:/coursedesign/ipcore_dir/tmp/_cg/font.ngc" device information matches
project device.
Adding F:/coursedesign/ipcore_dir/tmp/_cg/font.sym -view all -origin_type
imported
Adding F:/coursedesign/ipcore_dir/tmp/_cg/font.v -view all -origin_type created
INFO:HDLCompiler:1845 - Analyzing Verilog file
   "F:/coursedesign/ipcore_dir/tmp/_cg/font.v" into library work
INFO:ProjectMgmt - Parsing design hierarchy completed successfully.
Adding F:/coursedesign/ipcore_dir/tmp/_cg/font.veo -view all -origin_type
imported
INFO:TclTasksC:2116 - The automatic calculation of top has been turned-off.
   Please set the new top explicitly by running the "project set top" command.
   To re-calculate the new top automatically, set the "Auto Implementation Top"
   property to true.
Top level has been set to "/font"
Generating README file...
Generating FLIST file...
INFO:sim:948 - Finished FLIST file generation.
Launching README viewer...
Moving files to output directory...
Finished moving files to output directory
Wrote CGP file for project 'font'.
